This file contains any messages produced by compilers while
running configure, to aid debugging if configure makes a mistake.

It was created by configure, which was
generated by GNU Autoconf 2.67.  Invocation command line was

  $ ./configure --prefix=/data/silvest/NetBeansProjects/SusyFit/BAT_parallel

## --------- ##
## Platform. ##
## --------- ##

hostname = homer
uname -m = x86_64
uname -r = 3.6.2-1-ARCH
uname -s = Linux
uname -v = #1 SMP PREEMPT Fri Oct 12 23:58:58 CEST 2012

/usr/bin/uname -p = unknown
/bin/uname -X     = unknown

/bin/arch              = unknown
/usr/bin/arch -k       = unknown
/usr/convex/getsysinfo = unknown
/usr/bin/hostinfo      = unknown
/bin/machine           = unknown
/usr/bin/oslevel       = unknown
/bin/universe          = unknown

PATH: /usr/local/bin
PATH: /usr/bin
PATH: /bin
PATH: /usr/local/sbin
PATH: /usr/sbin
PATH: /sbin
PATH: /usr/bin/vendor_perl
PATH: /usr/bin/core_perl
PATH: /opt/qt/bin
PATH: /home/silvest/bin


## ----------- ##
## Core tests. ##
## ----------- ##

configure:2605: checking for a BSD-compatible install
configure:2673: result: /usr/bin/install -c
configure:2684: checking whether build environment is sane
configure:2734: result: yes
configure:2875: checking for a thread-safe mkdir -p
configure:2914: result: /usr/bin/mkdir -p
configure:2927: checking for gawk
configure:2943: found /usr/bin/gawk
configure:2954: result: gawk
configure:2965: checking whether make sets $(MAKE)
configure:2987: result: yes
configure:3117: checking for gcc
configure:3133: found /usr/bin/gcc
configure:3144: result: gcc
configure:3373: checking for C compiler version
configure:3382: gcc --version >&5
gcc (GCC) 4.7.2
Copyright (C) 2012 Free Software Foundation, Inc.
This is free software; see the source for copying conditions.  There is NO
warranty; not even for MERCHANTABILITY or FITNESS FOR A PARTICULAR PURPOSE.

configure:3393: $? = 0
configure:3382: gcc -v >&5
Using built-in specs.
COLLECT_GCC=gcc
COLLECT_LTO_WRAPPER=/usr/lib/gcc/x86_64-unknown-linux-gnu/4.7.2/lto-wrapper
Target: x86_64-unknown-linux-gnu
Configured with: /build/src/gcc-4.7.2/configure --prefix=/usr --libdir=/usr/lib --libexecdir=/usr/lib --mandir=/usr/share/man --infodir=/usr/share/info --with-bugurl=https://bugs.archlinux.org/ --enable-languages=c,c++,ada,fortran,go,lto,objc,obj-c++ --enable-shared --enable-threads=posix --with-system-zlib --enable-__cxa_atexit --disable-libunwind-exceptions --enable-clocale=gnu --disable-libstdcxx-pch --enable-libstdcxx-time --enable-gnu-unique-object --enable-linker-build-id --with-ppl --enable-cloog-backend=isl --disable-ppl-version-check --disable-cloog-version-check --enable-lto --enable-gold --enable-ld=default --enable-plugin --with-plugin-ld=ld.gold --with-linker-hash-style=gnu --disable-multilib --disable-libssp --disable-build-with-cxx --disable-build-poststage1-with-cxx --enable-checking=release
Thread model: posix
gcc version 4.7.2 (GCC) 
configure:3393: $? = 0
configure:3382: gcc -V >&5
gcc: error: unrecognized command line option '-V'
gcc: fatal error: no input files
compilation terminated.
configure:3393: $? = 1
configure:3382: gcc -qversion >&5
gcc: error: unrecognized command line option '-qversion'
gcc: fatal error: no input files
compilation terminated.
configure:3393: $? = 1
configure:3413: checking whether the C compiler works
configure:3435: gcc    conftest.c  >&5
configure:3439: $? = 0
configure:3487: result: yes
configure:3490: checking for C compiler default output file name
configure:3492: result: a.out
configure:3498: checking for suffix of executables
configure:3505: gcc -o conftest    conftest.c  >&5
configure:3509: $? = 0
configure:3531: result: 
configure:3553: checking whether we are cross compiling
configure:3561: gcc -o conftest    conftest.c  >&5
configure:3565: $? = 0
configure:3572: ./conftest
configure:3576: $? = 0
configure:3591: result: no
configure:3596: checking for suffix of object files
configure:3618: gcc -c   conftest.c >&5
configure:3622: $? = 0
configure:3643: result: o
configure:3647: checking whether we are using the GNU C compiler
configure:3666: gcc -c   conftest.c >&5
configure:3666: $? = 0
configure:3675: result: yes
configure:3684: checking whether gcc accepts -g
configure:3704: gcc -c -g  conftest.c >&5
configure:3704: $? = 0
configure:3745: result: yes
configure:3762: checking for gcc option to accept ISO C89
configure:3826: gcc  -c   conftest.c >&5
configure:3826: $? = 0
configure:3839: result: none needed
configure:3870: checking for style of include used by make
configure:3898: result: GNU
configure:3923: checking dependency style of gcc
configure:4033: result: gcc3
configure:4101: checking for g77
configure:4131: result: no
configure:4101: checking for xlf
configure:4131: result: no
configure:4101: checking for f77
configure:4131: result: no
configure:4101: checking for frt
configure:4131: result: no
configure:4101: checking for pgf77
configure:4131: result: no
configure:4101: checking for cf77
configure:4131: result: no
configure:4101: checking for fort77
configure:4131: result: no
configure:4101: checking for fl32
configure:4131: result: no
configure:4101: checking for af77
configure:4131: result: no
configure:4101: checking for xlf90
configure:4131: result: no
configure:4101: checking for f90
configure:4131: result: no
configure:4101: checking for pgf90
configure:4131: result: no
configure:4101: checking for pghpf
configure:4131: result: no
configure:4101: checking for epcf90
configure:4131: result: no
configure:4101: checking for gfortran
configure:4117: found /usr/bin/gfortran
configure:4128: result: gfortran
configure:4154: checking for Fortran 77 compiler version
configure:4163: gfortran --version >&5
GNU Fortran (GCC) 4.7.2
Copyright (C) 2012 Free Software Foundation, Inc.

GNU Fortran comes with NO WARRANTY, to the extent permitted by law.
You may redistribute copies of GNU Fortran
under the terms of the GNU General Public License.
For more information about these matters, see the file named COPYING

configure:4174: $? = 0
configure:4163: gfortran -v >&5
Using built-in specs.
COLLECT_GCC=gfortran
COLLECT_LTO_WRAPPER=/usr/lib/gcc/x86_64-unknown-linux-gnu/4.7.2/lto-wrapper
Target: x86_64-unknown-linux-gnu
Configured with: /build/src/gcc-4.7.2/configure --prefix=/usr --libdir=/usr/lib --libexecdir=/usr/lib --mandir=/usr/share/man --infodir=/usr/share/info --with-bugurl=https://bugs.archlinux.org/ --enable-languages=c,c++,ada,fortran,go,lto,objc,obj-c++ --enable-shared --enable-threads=posix --with-system-zlib --enable-__cxa_atexit --disable-libunwind-exceptions --enable-clocale=gnu --disable-libstdcxx-pch --enable-libstdcxx-time --enable-gnu-unique-object --enable-linker-build-id --with-ppl --enable-cloog-backend=isl --disable-ppl-version-check --disable-cloog-version-check --enable-lto --enable-gold --enable-ld=default --enable-plugin --with-plugin-ld=ld.gold --with-linker-hash-style=gnu --disable-multilib --disable-libssp --disable-build-with-cxx --disable-build-poststage1-with-cxx --enable-checking=release
Thread model: posix
gcc version 4.7.2 (GCC) 
configure:4174: $? = 0
configure:4163: gfortran -V >&5
gfortran: error: unrecognized command line option '-V'
gfortran: fatal error: no input files
compilation terminated.
configure:4174: $? = 1
configure:4163: gfortran -qversion >&5
gfortran: error: unrecognized command line option '-qversion'
gfortran: fatal error: no input files
compilation terminated.
configure:4174: $? = 1
configure:4183: checking whether we are using the GNU Fortran 77 compiler
configure:4196: gfortran -c  conftest.F >&5
configure:4196: $? = 0
configure:4205: result: yes
configure:4211: checking whether gfortran accepts -g
configure:4222: gfortran -c -g conftest.f >&5
configure:4222: $? = 0
configure:4230: result: yes
configure:4371: checking for C++ compiler version
configure:4380: mpic++ --version >&5
g++ (GCC) 4.7.2
Copyright (C) 2012 Free Software Foundation, Inc.
This is free software; see the source for copying conditions.  There is NO
warranty; not even for MERCHANTABILITY or FITNESS FOR A PARTICULAR PURPOSE.

configure:4391: $? = 0
configure:4380: mpic++ -v >&5
Using built-in specs.
COLLECT_GCC=/usr/bin/g++
COLLECT_LTO_WRAPPER=/usr/lib/gcc/x86_64-unknown-linux-gnu/4.7.2/lto-wrapper
Target: x86_64-unknown-linux-gnu
Configured with: /build/src/gcc-4.7.2/configure --prefix=/usr --libdir=/usr/lib --libexecdir=/usr/lib --mandir=/usr/share/man --infodir=/usr/share/info --with-bugurl=https://bugs.archlinux.org/ --enable-languages=c,c++,ada,fortran,go,lto,objc,obj-c++ --enable-shared --enable-threads=posix --with-system-zlib --enable-__cxa_atexit --disable-libunwind-exceptions --enable-clocale=gnu --disable-libstdcxx-pch --enable-libstdcxx-time --enable-gnu-unique-object --enable-linker-build-id --with-ppl --enable-cloog-backend=isl --disable-ppl-version-check --disable-cloog-version-check --enable-lto --enable-gold --enable-ld=default --enable-plugin --with-plugin-ld=ld.gold --with-linker-hash-style=gnu --disable-multilib --disable-libssp --disable-build-with-cxx --disable-build-poststage1-with-cxx --enable-checking=release
Thread model: posix
gcc version 4.7.2 (GCC) 
configure:4391: $? = 0
configure:4380: mpic++ -V >&5
g++: error: unrecognized command line option '-V'
g++: fatal error: no input files
compilation terminated.
configure:4391: $? = 1
configure:4380: mpic++ -qversion >&5
g++: error: unrecognized command line option '-qversion'
g++: fatal error: no input files
compilation terminated.
configure:4391: $? = 1
configure:4395: checking whether we are using the GNU C++ compiler
configure:4414: mpic++ -c   conftest.cpp >&5
configure:4414: $? = 0
configure:4423: result: yes
configure:4432: checking whether mpic++ accepts -g
configure:4452: mpic++ -c -g  conftest.cpp >&5
configure:4452: $? = 0
configure:4493: result: yes
configure:4518: checking dependency style of mpic++
configure:4628: result: gcc3
configure:4672: checking build system type
configure:4686: result: x86_64-unknown-linux-gnu
configure:4706: checking host system type
configure:4719: result: x86_64-unknown-linux-gnu
configure:4739: checking for a sed that does not truncate output
configure:4803: result: /bin/sed
configure:4821: checking for grep that handles long lines and -e
configure:4879: result: /usr/bin/grep
configure:4884: checking for egrep
configure:4946: result: /usr/bin/grep -E
configure:4951: checking for fgrep
configure:5013: result: /usr/bin/grep -F
configure:5048: checking for ld used by gcc
configure:5115: result: /usr/bin/ld
configure:5122: checking if the linker (/usr/bin/ld) is GNU ld
configure:5137: result: yes
configure:5149: checking for BSD- or MS-compatible name lister (nm)
configure:5198: result: /usr/bin/nm -B
configure:5316: checking the name lister (/usr/bin/nm -B) interface
configure:5323: gcc -c   conftest.c >&5
configure:5326: /usr/bin/nm -B "conftest.o"
configure:5329: output
0000000000000000 B some_variable
configure:5336: result: BSD nm
configure:5339: checking whether ln -s works
configure:5343: result: yes
configure:5351: checking the maximum length of command line arguments
configure:5471: result: 1572864
configure:5488: checking whether the shell understands some XSI constructs
configure:5498: result: yes
configure:5502: checking whether the shell understands "+="
configure:5508: result: yes
configure:5543: checking for /usr/bin/ld option to reload object files
configure:5550: result: -r
configure:5619: checking for objdump
configure:5635: found /usr/bin/objdump
configure:5646: result: objdump
configure:5678: checking how to recognize dependent libraries
configure:5874: result: pass_all
configure:5934: checking for ar
configure:5950: found /usr/bin/ar
configure:5961: result: ar
configure:6039: checking for strip
configure:6055: found /usr/bin/strip
configure:6066: result: strip
configure:6138: checking for ranlib
configure:6154: found /usr/bin/ranlib
configure:6165: result: ranlib
configure:6255: checking command to parse /usr/bin/nm -B output from gcc object
configure:6373: gcc -c   conftest.c >&5
configure:6376: $? = 0
configure:6380: /usr/bin/nm -B conftest.o \| sed -n -e 's/^.*[	 ]\([ABCDGIRSTW][ABCDGIRSTW]*\)[	 ][	 ]*\([_A-Za-z][_A-Za-z0-9]*\)$/\1 \2 \2/p' \> conftest.nm
configure:6383: $? = 0
configure:6437: gcc -o conftest    conftest.c conftstm.o >&5
configure:6440: $? = 0
configure:6478: result: ok
configure:6574: gcc -c   conftest.c >&5
configure:6577: $? = 0
configure:7287: checking how to run the C preprocessor
configure:7318: gcc -E  conftest.c
configure:7318: $? = 0
configure:7332: gcc -E  conftest.c
conftest.c:11:28: fatal error: ac_nonexistent.h: No such file or directory
compilation terminated.
configure:7332: $? = 1
configure: failed program was:
| /* confdefs.h */
| #define PACKAGE_NAME ""
| #define PACKAGE_TARNAME ""
| #define PACKAGE_VERSION ""
| #define PACKAGE_STRING ""
| #define PACKAGE_BUGREPORT ""
| #define PACKAGE_URL ""
| #define PACKAGE "BAT"
| #define VERSION "0.9.1"
| /* end confdefs.h.  */
| #include <ac_nonexistent.h>
configure:7357: result: gcc -E
configure:7377: gcc -E  conftest.c
configure:7377: $? = 0
configure:7391: gcc -E  conftest.c
conftest.c:11:28: fatal error: ac_nonexistent.h: No such file or directory
compilation terminated.
configure:7391: $? = 1
configure: failed program was:
| /* confdefs.h */
| #define PACKAGE_NAME ""
| #define PACKAGE_TARNAME ""
| #define PACKAGE_VERSION ""
| #define PACKAGE_STRING ""
| #define PACKAGE_BUGREPORT ""
| #define PACKAGE_URL ""
| #define PACKAGE "BAT"
| #define VERSION "0.9.1"
| /* end confdefs.h.  */
| #include <ac_nonexistent.h>
configure:7420: checking for ANSI C header files
configure:7440: gcc -c   conftest.c >&5
configure:7440: $? = 0
configure:7513: gcc -o conftest    conftest.c  >&5
configure:7513: $? = 0
configure:7513: ./conftest
configure:7513: $? = 0
configure:7524: result: yes
configure:7537: checking for sys/types.h
configure:7537: gcc -c   conftest.c >&5
configure:7537: $? = 0
configure:7537: result: yes
configure:7537: checking for sys/stat.h
configure:7537: gcc -c   conftest.c >&5
configure:7537: $? = 0
configure:7537: result: yes
configure:7537: checking for stdlib.h
configure:7537: gcc -c   conftest.c >&5
configure:7537: $? = 0
configure:7537: result: yes
configure:7537: checking for string.h
configure:7537: gcc -c   conftest.c >&5
configure:7537: $? = 0
configure:7537: result: yes
configure:7537: checking for memory.h
configure:7537: gcc -c   conftest.c >&5
configure:7537: $? = 0
configure:7537: result: yes
configure:7537: checking for strings.h
configure:7537: gcc -c   conftest.c >&5
configure:7537: $? = 0
configure:7537: result: yes
configure:7537: checking for inttypes.h
configure:7537: gcc -c   conftest.c >&5
configure:7537: $? = 0
configure:7537: result: yes
configure:7537: checking for stdint.h
configure:7537: gcc -c   conftest.c >&5
configure:7537: $? = 0
configure:7537: result: yes
configure:7537: checking for unistd.h
configure:7537: gcc -c   conftest.c >&5
configure:7537: $? = 0
configure:7537: result: yes
configure:7551: checking for dlfcn.h
configure:7551: gcc -c   conftest.c >&5
configure:7551: $? = 0
configure:7551: result: yes
configure:7676: checking for C++ compiler version
configure:7685: mpic++ --version >&5
g++ (GCC) 4.7.2
Copyright (C) 2012 Free Software Foundation, Inc.
This is free software; see the source for copying conditions.  There is NO
warranty; not even for MERCHANTABILITY or FITNESS FOR A PARTICULAR PURPOSE.

configure:7696: $? = 0
configure:7685: mpic++ -v >&5
Using built-in specs.
COLLECT_GCC=/usr/bin/g++
COLLECT_LTO_WRAPPER=/usr/lib/gcc/x86_64-unknown-linux-gnu/4.7.2/lto-wrapper
Target: x86_64-unknown-linux-gnu
Configured with: /build/src/gcc-4.7.2/configure --prefix=/usr --libdir=/usr/lib --libexecdir=/usr/lib --mandir=/usr/share/man --infodir=/usr/share/info --with-bugurl=https://bugs.archlinux.org/ --enable-languages=c,c++,ada,fortran,go,lto,objc,obj-c++ --enable-shared --enable-threads=posix --with-system-zlib --enable-__cxa_atexit --disable-libunwind-exceptions --enable-clocale=gnu --disable-libstdcxx-pch --enable-libstdcxx-time --enable-gnu-unique-object --enable-linker-build-id --with-ppl --enable-cloog-backend=isl --disable-ppl-version-check --disable-cloog-version-check --enable-lto --enable-gold --enable-ld=default --enable-plugin --with-plugin-ld=ld.gold --with-linker-hash-style=gnu --disable-multilib --disable-libssp --disable-build-with-cxx --disable-build-poststage1-with-cxx --enable-checking=release
Thread model: posix
gcc version 4.7.2 (GCC) 
configure:7696: $? = 0
configure:7685: mpic++ -V >&5
g++: error: unrecognized command line option '-V'
g++: fatal error: no input files
compilation terminated.
configure:7696: $? = 1
configure:7685: mpic++ -qversion >&5
g++: error: unrecognized command line option '-qversion'
g++: fatal error: no input files
compilation terminated.
configure:7696: $? = 1
configure:7700: checking whether we are using the GNU C++ compiler
configure:7728: result: yes
configure:7737: checking whether mpic++ accepts -g
configure:7798: result: yes
configure:7823: checking dependency style of mpic++
configure:7933: result: gcc3
configure:7956: checking how to run the C++ preprocessor
configure:7983: mpic++ -E  conftest.cpp
configure:7983: $? = 0
configure:7997: mpic++ -E  conftest.cpp
conftest.cpp:22:28: fatal error: ac_nonexistent.h: No such file or directory
compilation terminated.
configure:7997: $? = 1
configure: failed program was:
| /* confdefs.h */
| #define PACKAGE_NAME ""
| #define PACKAGE_TARNAME ""
| #define PACKAGE_VERSION ""
| #define PACKAGE_STRING ""
| #define PACKAGE_BUGREPORT ""
| #define PACKAGE_URL ""
| #define PACKAGE "BAT"
| #define VERSION "0.9.1"
| #define STDC_HEADERS 1
| #define HAVE_SYS_TYPES_H 1
| #define HAVE_SYS_STAT_H 1
| #define HAVE_STDLIB_H 1
| #define HAVE_STRING_H 1
| #define HAVE_MEMORY_H 1
| #define HAVE_STRINGS_H 1
| #define HAVE_INTTYPES_H 1
| #define HAVE_STDINT_H 1
| #define HAVE_UNISTD_H 1
| #define HAVE_DLFCN_H 1
| /* end confdefs.h.  */
| #include <ac_nonexistent.h>
configure:8022: result: mpic++ -E
configure:8042: mpic++ -E  conftest.cpp
configure:8042: $? = 0
configure:8056: mpic++ -E  conftest.cpp
conftest.cpp:22:28: fatal error: ac_nonexistent.h: No such file or directory
compilation terminated.
configure:8056: $? = 1
configure: failed program was:
| /* confdefs.h */
| #define PACKAGE_NAME ""
| #define PACKAGE_TARNAME ""
| #define PACKAGE_VERSION ""
| #define PACKAGE_STRING ""
| #define PACKAGE_BUGREPORT ""
| #define PACKAGE_URL ""
| #define PACKAGE "BAT"
| #define VERSION "0.9.1"
| #define STDC_HEADERS 1
| #define HAVE_SYS_TYPES_H 1
| #define HAVE_SYS_STAT_H 1
| #define HAVE_STDLIB_H 1
| #define HAVE_STRING_H 1
| #define HAVE_MEMORY_H 1
| #define HAVE_STRINGS_H 1
| #define HAVE_INTTYPES_H 1
| #define HAVE_STDINT_H 1
| #define HAVE_UNISTD_H 1
| #define HAVE_DLFCN_H 1
| /* end confdefs.h.  */
| #include <ac_nonexistent.h>
configure:8197: checking for Fortran 77 compiler version
configure:8206: gfortran --version >&5
GNU Fortran (GCC) 4.7.2
Copyright (C) 2012 Free Software Foundation, Inc.

GNU Fortran comes with NO WARRANTY, to the extent permitted by law.
You may redistribute copies of GNU Fortran
under the terms of the GNU General Public License.
For more information about these matters, see the file named COPYING

configure:8217: $? = 0
configure:8206: gfortran -v >&5
Using built-in specs.
COLLECT_GCC=gfortran
COLLECT_LTO_WRAPPER=/usr/lib/gcc/x86_64-unknown-linux-gnu/4.7.2/lto-wrapper
Target: x86_64-unknown-linux-gnu
Configured with: /build/src/gcc-4.7.2/configure --prefix=/usr --libdir=/usr/lib --libexecdir=/usr/lib --mandir=/usr/share/man --infodir=/usr/share/info --with-bugurl=https://bugs.archlinux.org/ --enable-languages=c,c++,ada,fortran,go,lto,objc,obj-c++ --enable-shared --enable-threads=posix --with-system-zlib --enable-__cxa_atexit --disable-libunwind-exceptions --enable-clocale=gnu --disable-libstdcxx-pch --enable-libstdcxx-time --enable-gnu-unique-object --enable-linker-build-id --with-ppl --enable-cloog-backend=isl --disable-ppl-version-check --disable-cloog-version-check --enable-lto --enable-gold --enable-ld=default --enable-plugin --with-plugin-ld=ld.gold --with-linker-hash-style=gnu --disable-multilib --disable-libssp --disable-build-with-cxx --disable-build-poststage1-with-cxx --enable-checking=release
Thread model: posix
gcc version 4.7.2 (GCC) 
configure:8217: $? = 0
configure:8206: gfortran -V >&5
gfortran: error: unrecognized command line option '-V'
gfortran: fatal error: no input files
compilation terminated.
configure:8217: $? = 1
configure:8206: gfortran -qversion >&5
gfortran: error: unrecognized command line option '-qversion'
gfortran: fatal error: no input files
compilation terminated.
configure:8217: $? = 1
configure:8226: checking whether we are using the GNU Fortran 77 compiler
configure:8248: result: yes
configure:8254: checking whether gfortran accepts -g
configure:8273: result: yes
configure:8481: checking for objdir
configure:8496: result: .libs
configure:8788: checking if gcc supports -fno-rtti -fno-exceptions
configure:8806: gcc -c   -fno-rtti -fno-exceptions conftest.c >&5
cc1: warning: command line option '-fno-rtti' is valid for C++/ObjC++ but not for C [enabled by default]
configure:8810: $? = 0
configure:8823: result: no
configure:8843: checking for gcc option to produce PIC
configure:9115: result: -fPIC -DPIC
configure:9127: checking if gcc PIC flag -fPIC -DPIC works
configure:9145: gcc -c   -fPIC -DPIC -DPIC conftest.c >&5
configure:9149: $? = 0
configure:9162: result: yes
configure:9186: checking if gcc static flag -static works
configure:9214: result: yes
configure:9229: checking if gcc supports -c -o file.o
configure:9250: gcc -c   -o out/conftest2.o conftest.c >&5
configure:9254: $? = 0
configure:9276: result: yes
configure:9284: checking if gcc supports -c -o file.o
configure:9331: result: yes
configure:9364: checking whether the gcc linker (/usr/bin/ld -m elf_x86_64) supports shared libraries
configure:10355: result: yes
configure:10392: checking whether -lc should be explicitly linked in
configure:10397: gcc -c   conftest.c >&5
configure:10400: $? = 0
configure:10415: gcc -shared conftest.o  -v -Wl,-soname -Wl,conftest -o conftest 2\>\&1 \| /usr/bin/grep  -lc  \>/dev/null 2\>\&1
configure:10418: $? = 0
configure:10430: result: no
configure:10594: checking dynamic linker characteristics
configure:11027: gcc -o conftest    -Wl,-rpath -Wl,/foo conftest.c  >&5
configure:11027: $? = 0
configure:11257: result: GNU/Linux ld.so
configure:11359: checking how to hardcode library paths into programs
configure:11384: result: immediate
configure:11904: checking whether stripping libraries is possible
configure:11909: result: yes
configure:11944: checking if libtool supports shared libraries
configure:11946: result: yes
configure:11949: checking whether to build shared libraries
configure:11970: result: yes
configure:11973: checking whether to build static libraries
configure:11977: result: yes
configure:12127: checking for ld used by mpic++
configure:12194: result: /usr/bin/ld -m elf_x86_64
configure:12201: checking if the linker (/usr/bin/ld -m elf_x86_64) is GNU ld
configure:12216: result: yes
configure:12271: checking whether the mpic++ linker (/usr/bin/ld -m elf_x86_64) supports shared libraries
configure:13184: result: yes
configure:13212: mpic++ -c   conftest.cpp >&5
configure:13215: $? = 0
configure:13397: checking for mpic++ option to produce PIC
configure:13714: result: -fPIC -DPIC
configure:13723: checking if mpic++ PIC flag -fPIC -DPIC works
configure:13741: mpic++ -c   -fPIC -DPIC -DPIC conftest.cpp >&5
configure:13745: $? = 0
configure:13758: result: yes
configure:13779: checking if mpic++ static flag -static works
configure:13807: result: no
configure:13819: checking if mpic++ supports -c -o file.o
configure:13840: mpic++ -c   -o out/conftest2.o conftest.cpp >&5
configure:13844: $? = 0
configure:13866: result: yes
configure:13871: checking if mpic++ supports -c -o file.o
configure:13918: result: yes
configure:13948: checking whether the mpic++ linker (/usr/bin/ld -m elf_x86_64) supports shared libraries
configure:13977: result: yes
configure:14114: checking dynamic linker characteristics
configure:14495: mpic++ -o conftest    -Wl,-rpath -Wl,/foo conftest.cpp  >&5
configure:14495: $? = 0
configure:14725: result: GNU/Linux ld.so
configure:14776: checking how to hardcode library paths into programs
configure:14801: result: immediate
configure:14942: checking if libtool supports shared libraries
configure:14944: result: yes
configure:14947: checking whether to build shared libraries
configure:14967: result: yes
configure:14970: checking whether to build static libraries
configure:14974: result: yes
configure:14988: checking for gfortran option to produce PIC
configure:15260: result: -fPIC
configure:15269: checking if gfortran PIC flag -fPIC works
configure:15287: gfortran -c  -fPIC conftest.f >&5
configure:15291: $? = 0
configure:15304: result: yes
configure:15325: checking if gfortran static flag -static works
configure:15353: result: yes
configure:15365: checking if gfortran supports -c -o file.o
configure:15386: gfortran -c  -o out/conftest2.o conftest.f >&5
configure:15390: $? = 0
configure:15412: result: yes
configure:15417: checking if gfortran supports -c -o file.o
configure:15464: result: yes
configure:15494: checking whether the gfortran linker (/usr/bin/ld -m elf_x86_64) supports shared libraries
configure:16472: result: yes
configure:16609: checking dynamic linker characteristics
configure:16984: gfortran -o conftest   -Wl,-rpath -Wl,/foo conftest.f  >&5
configure:16984: $? = 0
configure:17214: result: GNU/Linux ld.so
configure:17265: checking how to hardcode library paths into programs
configure:17290: result: immediate
configure:17339: checking for ANSI C header files
configure:17443: result: yes
configure:17457: checking for utime.h
configure:17457: gcc -c   conftest.c >&5
configure:17457: $? = 0
configure:17457: result: yes
configure:17471: checking whether utime accepts a null argument
configure:17500: gcc -o conftest    conftest.c  >&5
configure:17500: $? = 0
configure:17500: ./conftest
configure:17500: $? = 0
configure:17510: result: yes
configure:17734: checking for root-config
configure:17752: found /usr/bin/root-config
configure:17765: result: /usr/bin/root-config
configure:17775: checking for root
configure:17793: found /usr/bin/root
configure:17806: result: /usr/bin/root
configure:17816: checking for rootcint
configure:17834: found /usr/bin/rootcint
configure:17847: result: /usr/bin/rootcint
configure:17870: checking whether ROOT version >= 5.22
configure:17880: result: yes
configure:18161: creating ./config.status

## ---------------------- ##
## Running config.status. ##
## ---------------------- ##

This file was extended by config.status, which was
generated by GNU Autoconf 2.67.  Invocation command line was

  CONFIG_FILES    = 
  CONFIG_HEADERS  = 
  CONFIG_LINKS    = 
  CONFIG_COMMANDS = 
  $ ./config.status 

on homer

config.status:1227: creating Makefile
config.status:1227: creating src/Makefile
config.status:1227: creating models/base/Makefile
config.status:1227: creating models/mtf/Makefile
config.status:1227: creating examples/basic/binomial/Makefile
config.status:1227: creating examples/basic/combination1d/Makefile
config.status:1227: creating examples/basic/combination2d/Makefile
config.status:1227: creating examples/basic/errorpropagation/Makefile
config.status:1227: creating examples/basic/poisson/Makefile
config.status:1227: creating examples/basic/rootOutput/Makefile
config.status:1227: creating examples/advanced/polynomialfit/Makefile
config.status:1227: creating examples/advanced/roointerface/Makefile
config.status:1227: creating examples/advanced/templatefitter/0nubb/Makefile
config.status:1227: creating examples/advanced/templatefitter/Whel/Makefile
config.status:1227: creating examples/advanced/templatefitter/hypothesis/Makefile
config.status:1227: creating examples/advanced/mtf/systematics/Makefile
config.status:1227: creating examples/expert/TrialFunction/Makefile
config.status:1227: creating tools/CreateProject.sh
config.status:1227: creating config.h
config.status:1455: executing depfiles commands
config.status:1455: executing libtool commands
config.status:1455: executing default commands

## ---------------- ##
## Cache variables. ##
## ---------------- ##

ac_cv_build=x86_64-unknown-linux-gnu
ac_cv_c_compiler_gnu=yes
ac_cv_cxx_compiler_gnu=yes
ac_cv_env_CCC_set=
ac_cv_env_CCC_value=
ac_cv_env_CC_set=
ac_cv_env_CC_value=
ac_cv_env_CFLAGS_set=
ac_cv_env_CFLAGS_value=
ac_cv_env_CPPFLAGS_set=
ac_cv_env_CPPFLAGS_value=
ac_cv_env_CPP_set=
ac_cv_env_CPP_value=
ac_cv_env_CXXCPP_set=
ac_cv_env_CXXCPP_value=
ac_cv_env_CXXFLAGS_set=
ac_cv_env_CXXFLAGS_value=
ac_cv_env_CXX_set=set
ac_cv_env_CXX_value=mpic++
ac_cv_env_F77_set=
ac_cv_env_F77_value=
ac_cv_env_FFLAGS_set=
ac_cv_env_FFLAGS_value=
ac_cv_env_LDFLAGS_set=
ac_cv_env_LDFLAGS_value=
ac_cv_env_LIBS_set=
ac_cv_env_LIBS_value=
ac_cv_env_build_alias_set=
ac_cv_env_build_alias_value=
ac_cv_env_host_alias_set=
ac_cv_env_host_alias_value=
ac_cv_env_target_alias_set=
ac_cv_env_target_alias_value=
ac_cv_f77_compiler_gnu=yes
ac_cv_func_utime_null=yes
ac_cv_header_dlfcn_h=yes
ac_cv_header_inttypes_h=yes
ac_cv_header_memory_h=yes
ac_cv_header_stdc=yes
ac_cv_header_stdint_h=yes
ac_cv_header_stdlib_h=yes
ac_cv_header_string_h=yes
ac_cv_header_strings_h=yes
ac_cv_header_sys_stat_h=yes
ac_cv_header_sys_types_h=yes
ac_cv_header_unistd_h=yes
ac_cv_header_utime_h=yes
ac_cv_host=x86_64-unknown-linux-gnu
ac_cv_objext=o
ac_cv_path_EGREP='/usr/bin/grep -E'
ac_cv_path_FGREP='/usr/bin/grep -F'
ac_cv_path_GREP=/usr/bin/grep
ac_cv_path_ROOTCINT=/usr/bin/rootcint
ac_cv_path_ROOTCONF=/usr/bin/root-config
ac_cv_path_ROOTEXEC=/usr/bin/root
ac_cv_path_SED=/bin/sed
ac_cv_path_install='/usr/bin/install -c'
ac_cv_path_mkdir=/usr/bin/mkdir
ac_cv_prog_AWK=gawk
ac_cv_prog_CPP='gcc -E'
ac_cv_prog_CXXCPP='mpic++ -E'
ac_cv_prog_ac_ct_AR=ar
ac_cv_prog_ac_ct_CC=gcc
ac_cv_prog_ac_ct_F77=gfortran
ac_cv_prog_ac_ct_OBJDUMP=objdump
ac_cv_prog_ac_ct_RANLIB=ranlib
ac_cv_prog_ac_ct_STRIP=strip
ac_cv_prog_cc_c89=
ac_cv_prog_cc_g=yes
ac_cv_prog_cxx_g=yes
ac_cv_prog_f77_g=yes
ac_cv_prog_make_make_set=yes
am_cv_CC_dependencies_compiler_type=gcc3
am_cv_CXX_dependencies_compiler_type=gcc3
lt_cv_deplibs_check_method=pass_all
lt_cv_file_magic_cmd='$MAGIC_CMD'
lt_cv_file_magic_test_file=
lt_cv_ld_reload_flag=-r
lt_cv_nm_interface='BSD nm'
lt_cv_objdir=.libs
lt_cv_path_LD=/usr/bin/ld
lt_cv_path_LDCXX='/usr/bin/ld -m elf_x86_64'
lt_cv_path_NM='/usr/bin/nm -B'
lt_cv_prog_compiler_c_o=yes
lt_cv_prog_compiler_c_o_CXX=yes
lt_cv_prog_compiler_c_o_F77=yes
lt_cv_prog_compiler_pic_works=yes
lt_cv_prog_compiler_pic_works_CXX=yes
lt_cv_prog_compiler_pic_works_F77=yes
lt_cv_prog_compiler_rtti_exceptions=no
lt_cv_prog_compiler_static_works=yes
lt_cv_prog_compiler_static_works_CXX=no
lt_cv_prog_compiler_static_works_F77=yes
lt_cv_prog_gnu_ld=yes
lt_cv_prog_gnu_ldcxx=yes
lt_cv_sys_global_symbol_pipe='sed -n -e '\''s/^.*[	 ]\([ABCDGIRSTW][ABCDGIRSTW]*\)[	 ][	 ]*\([_A-Za-z][_A-Za-z0-9]*\)$/\1 \2 \2/p'\'''
lt_cv_sys_global_symbol_to_c_name_address='sed -n -e '\''s/^: \([^ ]*\) $/  {\"\1\", (void *) 0},/p'\'' -e '\''s/^[ABCDGIRSTW]* \([^ ]*\) \([^ ]*\)$/  {"\2", (void *) \&\2},/p'\'''
lt_cv_sys_global_symbol_to_c_name_address_lib_prefix='sed -n -e '\''s/^: \([^ ]*\) $/  {\"\1\", (void *) 0},/p'\'' -e '\''s/^[ABCDGIRSTW]* \([^ ]*\) \(lib[^ ]*\)$/  {"\2", (void *) \&\2},/p'\'' -e '\''s/^[ABCDGIRSTW]* \([^ ]*\) \([^ ]*\)$/  {"lib\2", (void *) \&\2},/p'\'''
lt_cv_sys_global_symbol_to_cdecl='sed -n -e '\''s/^T .* \(.*\)$/extern int \1();/p'\'' -e '\''s/^[ABCDGIRSTW]* .* \(.*\)$/extern char \1;/p'\'''
lt_cv_sys_max_cmd_len=1572864

## ----------------- ##
## Output variables. ##
## ----------------- ##

ACLOCAL='${SHELL} /data/silvest/NetBeansProjects/SusyFit/BAT-0.9.1/missing --run aclocal-1.11'
AMDEPBACKSLASH='\'
AMDEP_FALSE='#'
AMDEP_TRUE=''
AMTAR='${SHELL} /data/silvest/NetBeansProjects/SusyFit/BAT-0.9.1/missing --run tar'
AR='ar'
AUTOCONF='${SHELL} /data/silvest/NetBeansProjects/SusyFit/BAT-0.9.1/missing --run autoconf'
AUTOHEADER='${SHELL} /data/silvest/NetBeansProjects/SusyFit/BAT-0.9.1/missing --run autoheader'
AUTOMAKE='${SHELL} /data/silvest/NetBeansProjects/SusyFit/BAT-0.9.1/missing --run automake-1.11'
AWK='gawk'
CC='gcc'
CCDEPMODE='depmode=gcc3'
CFLAGS=''
CPP='gcc -E'
CPPFLAGS=''
CUBAINCLUDE=''
CUBALIB=''
CUBA_FALSE=''
CUBA_TRUE='#'
CXX='mpic++'
CXXCPP='mpic++ -E'
CXXDEPMODE='depmode=gcc3'
CXXFLAGS=''
CYGPATH_W='echo'
DEBUG_FALSE=''
DEBUG_TRUE='#'
DEFS='-DHAVE_CONFIG_H'
DEPDIR='.deps'
DSYMUTIL=''
DUMPBIN=''
ECHO_C=''
ECHO_N='-n'
ECHO_T=''
EGREP='/usr/bin/grep -E'
EXEEXT=''
F77='gfortran'
FFLAGS=''
FGREP='/usr/bin/grep -F'
GREP='/usr/bin/grep'
INSTALL_DATA='${INSTALL} -m 644'
INSTALL_PROGRAM='${INSTALL}'
INSTALL_SCRIPT='${INSTALL}'
INSTALL_STRIP_PROGRAM='$(install_sh) -c -s'
IS_DARWIN_FALSE=''
IS_DARWIN_TRUE='#'
LD='/usr/bin/ld -m elf_x86_64'
LDFLAGS=''
LIBOBJS=''
LIBS=''
LIBTOOL='$(SHELL) $(top_builddir)/libtool'
LIPO=''
LN_S='ln -s'
LTLIBOBJS=''
MAKEINFO='${SHELL} /data/silvest/NetBeansProjects/SusyFit/BAT-0.9.1/missing --run makeinfo'
MKDIR_P='/usr/bin/mkdir -p'
NM='/usr/bin/nm -B'
NMEDIT=''
OBJDUMP='objdump'
OBJEXT='o'
OTOOL64=''
OTOOL=''
PACKAGE='BAT'
PACKAGE_BUGREPORT=''
PACKAGE_NAME=''
PACKAGE_STRING=''
PACKAGE_TARNAME=''
PACKAGE_URL=''
PACKAGE_VERSION=''
PATH_SEPARATOR=':'
RANLIB='ranlib'
ROOSTATS_FALSE=''
ROOSTATS_TRUE='#'
ROOTAUXCFLAGS='-pthread -m64'
ROOTAUXLIBS='-pthread -lm -ldl -rdynamic'
ROOTCFLAGS='-I/usr/include/root'
ROOTCINT='/usr/bin/rootcint'
ROOTCONF='/usr/bin/root-config'
ROOTEXEC='/usr/bin/root'
ROOTGLIBS='-lGui -lCore -lCint -lRIO -lNet -lHist -lGraf -lGraf3d -lGpad -lTree -lRint -lPostscript -lMatrix -lPhysics -lMathCore -lThread'
ROOTINCDIR='/usr/include/root'
ROOTLIBDIR='/usr/lib/root'
ROOTLIBS='-lCore -lCint -lRIO -lNet -lHist -lGraf -lGraf3d -lGpad -lTree -lRint -lPostscript -lMatrix -lPhysics -lMathCore -lThread'
ROOTRPATH='/usr/lib/root'
SED='/bin/sed'
SET_MAKE=''
SHELL='/bin/sh'
STRIP='strip'
VERSION='0.9.1'
ac_ct_CC='gcc'
ac_ct_CXX=''
ac_ct_DUMPBIN=''
ac_ct_F77='gfortran'
am__EXEEXT_FALSE=''
am__EXEEXT_TRUE='#'
am__fastdepCC_FALSE='#'
am__fastdepCC_TRUE=''
am__fastdepCXX_FALSE='#'
am__fastdepCXX_TRUE=''
am__include='include'
am__isrc=''
am__leading_dot='.'
am__quote=''
am__tar='${AMTAR} chof - "$$tardir"'
am__untar='${AMTAR} xf -'
bindir='${exec_prefix}/bin'
build='x86_64-unknown-linux-gnu'
build_alias=''
build_cpu='x86_64'
build_os='linux-gnu'
build_vendor='unknown'
datadir='${datarootdir}'
datarootdir='${prefix}/share'
docdir='${datarootdir}/doc/${PACKAGE}'
dvidir='${docdir}'
exec_prefix='${prefix}'
host='x86_64-unknown-linux-gnu'
host_alias=''
host_cpu='x86_64'
host_os='linux-gnu'
host_vendor='unknown'
htmldir='${docdir}'
includedir='${prefix}/include'
infodir='${datarootdir}/info'
install_sh='${SHELL} /data/silvest/NetBeansProjects/SusyFit/BAT-0.9.1/install-sh'
libdir='${exec_prefix}/lib'
libexecdir='${exec_prefix}/libexec'
localedir='${datarootdir}/locale'
localstatedir='${prefix}/var'
lt_ECHO='echo'
mandir='${datarootdir}/man'
mkdir_p='/usr/bin/mkdir -p'
oldincludedir='/usr/include'
pdfdir='${docdir}'
prefix='/data/silvest/NetBeansProjects/SusyFit/BAT_parallel'
program_transform_name='s,x,x,'
psdir='${docdir}'
sbindir='${exec_prefix}/sbin'
sharedstatedir='${prefix}/com'
sysconfdir='${prefix}/etc'
target_alias=''

## ----------- ##
## confdefs.h. ##
## ----------- ##

/* confdefs.h */
#define PACKAGE_NAME ""
#define PACKAGE_TARNAME ""
#define PACKAGE_VERSION ""
#define PACKAGE_STRING ""
#define PACKAGE_BUGREPORT ""
#define PACKAGE_URL ""
#define PACKAGE "BAT"
#define VERSION "0.9.1"
#define STDC_HEADERS 1
#define HAVE_SYS_TYPES_H 1
#define HAVE_SYS_STAT_H 1
#define HAVE_STDLIB_H 1
#define HAVE_STRING_H 1
#define HAVE_MEMORY_H 1
#define HAVE_STRINGS_H 1
#define HAVE_INTTYPES_H 1
#define HAVE_STDINT_H 1
#define HAVE_UNISTD_H 1
#define HAVE_DLFCN_H 1
#define LT_OBJDIR ".libs/"
#define STDC_HEADERS 1
#define HAVE_UTIME_H 1
#define HAVE_UTIME_NULL 1

configure: exit 0
