This file contains any messages produced by compilers while
running configure, to aid debugging if configure makes a mistake.

It was created by configure, which was
generated by GNU Autoconf 2.67.  Invocation command line was

  $ ./configure --prefix=/data/silvest/NetBeansProjects/SusyFit/BAT_parallel/

## --------- ##
## Platform. ##
## --------- ##

hostname = homer
uname -m = x86_64
uname -r = 3.6.6-1-ARCH
uname -s = Linux
uname -v = #1 SMP PREEMPT Mon Nov 5 11:57:22 CET 2012

/usr/bin/uname -p = unknown
/bin/uname -X     = unknown

/bin/arch              = unknown
/usr/bin/arch -k       = unknown
/usr/convex/getsysinfo = unknown
/usr/bin/hostinfo      = unknown
/bin/machine           = unknown
/usr/bin/oslevel       = unknown
/bin/universe          = unknown

PATH: /usr/local/bin
PATH: /usr/bin
PATH: /bin
PATH: /usr/local/sbin
PATH: /usr/sbin
PATH: /sbin
PATH: /usr/bin/vendor_perl
PATH: /usr/bin/core_perl
PATH: /opt/qt/bin
PATH: /home/silvest/bin


## ----------- ##
## Core tests. ##
## ----------- ##

configure:2514: checking for a BSD-compatible install
configure:2582: result: /usr/bin/install -c
configure:2593: checking whether build environment is sane
configure:2643: result: yes
configure:2784: checking for a thread-safe mkdir -p
configure:2823: result: /usr/bin/mkdir -p
configure:2836: checking for gawk
configure:2852: found /usr/bin/gawk
configure:2863: result: gawk
configure:2874: checking whether make sets $(MAKE)
configure:2896: result: yes
configure:3090: checking for C++ compiler version
configure:3099: mpic++ --version >&5
g++ (GCC) 4.7.2
Copyright (C) 2012 Free Software Foundation, Inc.
This is free software; see the source for copying conditions.  There is NO
warranty; not even for MERCHANTABILITY or FITNESS FOR A PARTICULAR PURPOSE.

configure:3110: $? = 0
configure:3099: mpic++ -v >&5
Using built-in specs.
COLLECT_GCC=/usr/bin/g++
COLLECT_LTO_WRAPPER=/usr/lib/gcc/x86_64-unknown-linux-gnu/4.7.2/lto-wrapper
Target: x86_64-unknown-linux-gnu
Configured with: /build/src/gcc-4.7.2/configure --prefix=/usr --libdir=/usr/lib --libexecdir=/usr/lib --mandir=/usr/share/man --infodir=/usr/share/info --with-bugurl=https://bugs.archlinux.org/ --enable-languages=c,c++,ada,fortran,go,lto,objc,obj-c++ --enable-shared --enable-threads=posix --with-system-zlib --enable-__cxa_atexit --disable-libunwind-exceptions --enable-clocale=gnu --disable-libstdcxx-pch --enable-libstdcxx-time --enable-gnu-unique-object --enable-linker-build-id --with-ppl --enable-cloog-backend=isl --disable-ppl-version-check --disable-cloog-version-check --enable-lto --enable-gold --enable-ld=default --enable-plugin --with-plugin-ld=ld.gold --with-linker-hash-style=gnu --disable-multilib --disable-libssp --disable-build-with-cxx --disable-build-poststage1-with-cxx --enable-checking=release
Thread model: posix
gcc version 4.7.2 (GCC) 
configure:3110: $? = 0
configure:3099: mpic++ -V >&5
g++: error: unrecognized command line option '-V'
g++: fatal error: no input files
compilation terminated.
configure:3110: $? = 1
configure:3099: mpic++ -qversion >&5
g++: error: unrecognized command line option '-qversion'
g++: fatal error: no input files
compilation terminated.
configure:3110: $? = 1
configure:3130: checking whether the C++ compiler works
configure:3152: mpic++    conftest.cpp  >&5
configure:3156: $? = 0
configure:3204: result: yes
configure:3207: checking for C++ compiler default output file name
configure:3209: result: a.out
configure:3215: checking for suffix of executables
configure:3222: mpic++ -o conftest    conftest.cpp  >&5
configure:3226: $? = 0
configure:3248: result: 
configure:3270: checking whether we are cross compiling
configure:3278: mpic++ -o conftest    conftest.cpp  >&5
configure:3282: $? = 0
configure:3289: ./conftest
configure:3293: $? = 0
configure:3308: result: no
configure:3313: checking for suffix of object files
configure:3335: mpic++ -c   conftest.cpp >&5
configure:3339: $? = 0
configure:3360: result: o
configure:3364: checking whether we are using the GNU C++ compiler
configure:3383: mpic++ -c   conftest.cpp >&5
configure:3383: $? = 0
configure:3392: result: yes
configure:3401: checking whether mpic++ accepts -g
configure:3421: mpic++ -c -g  conftest.cpp >&5
configure:3421: $? = 0
configure:3462: result: yes
configure:3496: checking for style of include used by make
configure:3524: result: GNU
configure:3549: checking dependency style of mpic++
configure:3659: result: gcc3
configure:3703: checking build system type
configure:3717: result: x86_64-unknown-linux-gnu
configure:3737: checking host system type
configure:3750: result: x86_64-unknown-linux-gnu
configure:3818: checking for gcc
configure:3834: found /usr/bin/gcc
configure:3845: result: gcc
configure:4074: checking for C compiler version
configure:4083: gcc --version >&5
gcc (GCC) 4.7.2
Copyright (C) 2012 Free Software Foundation, Inc.
This is free software; see the source for copying conditions.  There is NO
warranty; not even for MERCHANTABILITY or FITNESS FOR A PARTICULAR PURPOSE.

configure:4094: $? = 0
configure:4083: gcc -v >&5
Using built-in specs.
COLLECT_GCC=gcc
COLLECT_LTO_WRAPPER=/usr/lib/gcc/x86_64-unknown-linux-gnu/4.7.2/lto-wrapper
Target: x86_64-unknown-linux-gnu
Configured with: /build/src/gcc-4.7.2/configure --prefix=/usr --libdir=/usr/lib --libexecdir=/usr/lib --mandir=/usr/share/man --infodir=/usr/share/info --with-bugurl=https://bugs.archlinux.org/ --enable-languages=c,c++,ada,fortran,go,lto,objc,obj-c++ --enable-shared --enable-threads=posix --with-system-zlib --enable-__cxa_atexit --disable-libunwind-exceptions --enable-clocale=gnu --disable-libstdcxx-pch --enable-libstdcxx-time --enable-gnu-unique-object --enable-linker-build-id --with-ppl --enable-cloog-backend=isl --disable-ppl-version-check --disable-cloog-version-check --enable-lto --enable-gold --enable-ld=default --enable-plugin --with-plugin-ld=ld.gold --with-linker-hash-style=gnu --disable-multilib --disable-libssp --disable-build-with-cxx --disable-build-poststage1-with-cxx --enable-checking=release
Thread model: posix
gcc version 4.7.2 (GCC) 
configure:4094: $? = 0
configure:4083: gcc -V >&5
gcc: error: unrecognized command line option '-V'
gcc: fatal error: no input files
compilation terminated.
configure:4094: $? = 1
configure:4083: gcc -qversion >&5
gcc: error: unrecognized command line option '-qversion'
gcc: fatal error: no input files
compilation terminated.
configure:4094: $? = 1
configure:4098: checking whether we are using the GNU C compiler
configure:4117: gcc -c   conftest.c >&5
configure:4117: $? = 0
configure:4126: result: yes
configure:4135: checking whether gcc accepts -g
configure:4155: gcc -c -g  conftest.c >&5
configure:4155: $? = 0
configure:4196: result: yes
configure:4213: checking for gcc option to accept ISO C89
configure:4277: gcc  -c   conftest.c >&5
configure:4277: $? = 0
configure:4290: result: none needed
configure:4312: checking dependency style of gcc
configure:4422: result: gcc3
configure:4437: checking for a sed that does not truncate output
configure:4501: result: /bin/sed
configure:4519: checking for grep that handles long lines and -e
configure:4577: result: /usr/bin/grep
configure:4582: checking for egrep
configure:4644: result: /usr/bin/grep -E
configure:4649: checking for fgrep
configure:4711: result: /usr/bin/grep -F
configure:4746: checking for ld used by gcc
configure:4813: result: /usr/bin/ld
configure:4820: checking if the linker (/usr/bin/ld) is GNU ld
configure:4835: result: yes
configure:4847: checking for BSD- or MS-compatible name lister (nm)
configure:4896: result: /usr/bin/nm -B
configure:5014: checking the name lister (/usr/bin/nm -B) interface
configure:5021: gcc -c   conftest.c >&5
configure:5024: /usr/bin/nm -B "conftest.o"
configure:5027: output
0000000000000000 B some_variable
configure:5034: result: BSD nm
configure:5037: checking whether ln -s works
configure:5041: result: yes
configure:5049: checking the maximum length of command line arguments
configure:5169: result: 1572864
configure:5186: checking whether the shell understands some XSI constructs
configure:5196: result: yes
configure:5200: checking whether the shell understands "+="
configure:5206: result: yes
configure:5241: checking for /usr/bin/ld option to reload object files
configure:5248: result: -r
configure:5317: checking for objdump
configure:5333: found /usr/bin/objdump
configure:5344: result: objdump
configure:5376: checking how to recognize dependent libraries
configure:5572: result: pass_all
configure:5632: checking for ar
configure:5648: found /usr/bin/ar
configure:5659: result: ar
configure:5737: checking for strip
configure:5753: found /usr/bin/strip
configure:5764: result: strip
configure:5836: checking for ranlib
configure:5852: found /usr/bin/ranlib
configure:5863: result: ranlib
configure:5953: checking command to parse /usr/bin/nm -B output from gcc object
configure:6071: gcc -c   conftest.c >&5
configure:6074: $? = 0
configure:6078: /usr/bin/nm -B conftest.o \| sed -n -e 's/^.*[	 ]\([ABCDGIRSTW][ABCDGIRSTW]*\)[	 ][	 ]*\([_A-Za-z][_A-Za-z0-9]*\)$/\1 \2 \2/p' \> conftest.nm
configure:6081: $? = 0
configure:6135: gcc -o conftest    conftest.c conftstm.o >&5
configure:6138: $? = 0
configure:6176: result: ok
configure:6272: gcc -c   conftest.c >&5
configure:6275: $? = 0
configure:6985: checking how to run the C preprocessor
configure:7016: gcc -E  conftest.c
configure:7016: $? = 0
configure:7030: gcc -E  conftest.c
conftest.c:11:28: fatal error: ac_nonexistent.h: No such file or directory
compilation terminated.
configure:7030: $? = 1
configure: failed program was:
| /* confdefs.h */
| #define PACKAGE_NAME ""
| #define PACKAGE_TARNAME ""
| #define PACKAGE_VERSION ""
| #define PACKAGE_STRING ""
| #define PACKAGE_BUGREPORT ""
| #define PACKAGE_URL ""
| #define PACKAGE "BAT"
| #define VERSION "0.9.2"
| /* end confdefs.h.  */
| #include <ac_nonexistent.h>
configure:7055: result: gcc -E
configure:7075: gcc -E  conftest.c
configure:7075: $? = 0
configure:7089: gcc -E  conftest.c
conftest.c:11:28: fatal error: ac_nonexistent.h: No such file or directory
compilation terminated.
configure:7089: $? = 1
configure: failed program was:
| /* confdefs.h */
| #define PACKAGE_NAME ""
| #define PACKAGE_TARNAME ""
| #define PACKAGE_VERSION ""
| #define PACKAGE_STRING ""
| #define PACKAGE_BUGREPORT ""
| #define PACKAGE_URL ""
| #define PACKAGE "BAT"
| #define VERSION "0.9.2"
| /* end confdefs.h.  */
| #include <ac_nonexistent.h>
configure:7118: checking for ANSI C header files
configure:7138: gcc -c   conftest.c >&5
configure:7138: $? = 0
configure:7211: gcc -o conftest    conftest.c  >&5
configure:7211: $? = 0
configure:7211: ./conftest
configure:7211: $? = 0
configure:7222: result: yes
configure:7235: checking for sys/types.h
configure:7235: gcc -c   conftest.c >&5
configure:7235: $? = 0
configure:7235: result: yes
configure:7235: checking for sys/stat.h
configure:7235: gcc -c   conftest.c >&5
configure:7235: $? = 0
configure:7235: result: yes
configure:7235: checking for stdlib.h
configure:7235: gcc -c   conftest.c >&5
configure:7235: $? = 0
configure:7235: result: yes
configure:7235: checking for string.h
configure:7235: gcc -c   conftest.c >&5
configure:7235: $? = 0
configure:7235: result: yes
configure:7235: checking for memory.h
configure:7235: gcc -c   conftest.c >&5
configure:7235: $? = 0
configure:7235: result: yes
configure:7235: checking for strings.h
configure:7235: gcc -c   conftest.c >&5
configure:7235: $? = 0
configure:7235: result: yes
configure:7235: checking for inttypes.h
configure:7235: gcc -c   conftest.c >&5
configure:7235: $? = 0
configure:7235: result: yes
configure:7235: checking for stdint.h
configure:7235: gcc -c   conftest.c >&5
configure:7235: $? = 0
configure:7235: result: yes
configure:7235: checking for unistd.h
configure:7235: gcc -c   conftest.c >&5
configure:7235: $? = 0
configure:7235: result: yes
configure:7249: checking for dlfcn.h
configure:7249: gcc -c   conftest.c >&5
configure:7249: $? = 0
configure:7249: result: yes
configure:7374: checking for C++ compiler version
configure:7383: mpic++ --version >&5
g++ (GCC) 4.7.2
Copyright (C) 2012 Free Software Foundation, Inc.
This is free software; see the source for copying conditions.  There is NO
warranty; not even for MERCHANTABILITY or FITNESS FOR A PARTICULAR PURPOSE.

configure:7394: $? = 0
configure:7383: mpic++ -v >&5
Using built-in specs.
COLLECT_GCC=/usr/bin/g++
COLLECT_LTO_WRAPPER=/usr/lib/gcc/x86_64-unknown-linux-gnu/4.7.2/lto-wrapper
Target: x86_64-unknown-linux-gnu
Configured with: /build/src/gcc-4.7.2/configure --prefix=/usr --libdir=/usr/lib --libexecdir=/usr/lib --mandir=/usr/share/man --infodir=/usr/share/info --with-bugurl=https://bugs.archlinux.org/ --enable-languages=c,c++,ada,fortran,go,lto,objc,obj-c++ --enable-shared --enable-threads=posix --with-system-zlib --enable-__cxa_atexit --disable-libunwind-exceptions --enable-clocale=gnu --disable-libstdcxx-pch --enable-libstdcxx-time --enable-gnu-unique-object --enable-linker-build-id --with-ppl --enable-cloog-backend=isl --disable-ppl-version-check --disable-cloog-version-check --enable-lto --enable-gold --enable-ld=default --enable-plugin --with-plugin-ld=ld.gold --with-linker-hash-style=gnu --disable-multilib --disable-libssp --disable-build-with-cxx --disable-build-poststage1-with-cxx --enable-checking=release
Thread model: posix
gcc version 4.7.2 (GCC) 
configure:7394: $? = 0
configure:7383: mpic++ -V >&5
g++: error: unrecognized command line option '-V'
g++: fatal error: no input files
compilation terminated.
configure:7394: $? = 1
configure:7383: mpic++ -qversion >&5
g++: error: unrecognized command line option '-qversion'
g++: fatal error: no input files
compilation terminated.
configure:7394: $? = 1
configure:7398: checking whether we are using the GNU C++ compiler
configure:7426: result: yes
configure:7435: checking whether mpic++ accepts -g
configure:7496: result: yes
configure:7521: checking dependency style of mpic++
configure:7631: result: gcc3
configure:7654: checking how to run the C++ preprocessor
configure:7681: mpic++ -E  conftest.cpp
configure:7681: $? = 0
configure:7695: mpic++ -E  conftest.cpp
conftest.cpp:22:28: fatal error: ac_nonexistent.h: No such file or directory
compilation terminated.
configure:7695: $? = 1
configure: failed program was:
| /* confdefs.h */
| #define PACKAGE_NAME ""
| #define PACKAGE_TARNAME ""
| #define PACKAGE_VERSION ""
| #define PACKAGE_STRING ""
| #define PACKAGE_BUGREPORT ""
| #define PACKAGE_URL ""
| #define PACKAGE "BAT"
| #define VERSION "0.9.2"
| #define STDC_HEADERS 1
| #define HAVE_SYS_TYPES_H 1
| #define HAVE_SYS_STAT_H 1
| #define HAVE_STDLIB_H 1
| #define HAVE_STRING_H 1
| #define HAVE_MEMORY_H 1
| #define HAVE_STRINGS_H 1
| #define HAVE_INTTYPES_H 1
| #define HAVE_STDINT_H 1
| #define HAVE_UNISTD_H 1
| #define HAVE_DLFCN_H 1
| /* end confdefs.h.  */
| #include <ac_nonexistent.h>
configure:7720: result: mpic++ -E
configure:7740: mpic++ -E  conftest.cpp
configure:7740: $? = 0
configure:7754: mpic++ -E  conftest.cpp
conftest.cpp:22:28: fatal error: ac_nonexistent.h: No such file or directory
compilation terminated.
configure:7754: $? = 1
configure: failed program was:
| /* confdefs.h */
| #define PACKAGE_NAME ""
| #define PACKAGE_TARNAME ""
| #define PACKAGE_VERSION ""
| #define PACKAGE_STRING ""
| #define PACKAGE_BUGREPORT ""
| #define PACKAGE_URL ""
| #define PACKAGE "BAT"
| #define VERSION "0.9.2"
| #define STDC_HEADERS 1
| #define HAVE_SYS_TYPES_H 1
| #define HAVE_SYS_STAT_H 1
| #define HAVE_STDLIB_H 1
| #define HAVE_STRING_H 1
| #define HAVE_MEMORY_H 1
| #define HAVE_STRINGS_H 1
| #define HAVE_INTTYPES_H 1
| #define HAVE_STDINT_H 1
| #define HAVE_UNISTD_H 1
| #define HAVE_DLFCN_H 1
| /* end confdefs.h.  */
| #include <ac_nonexistent.h>
configure:7960: checking for objdir
configure:7975: result: .libs
configure:8267: checking if gcc supports -fno-rtti -fno-exceptions
configure:8285: gcc -c   -fno-rtti -fno-exceptions conftest.c >&5
cc1: warning: command line option '-fno-rtti' is valid for C++/ObjC++ but not for C [enabled by default]
configure:8289: $? = 0
configure:8302: result: no
configure:8322: checking for gcc option to produce PIC
configure:8594: result: -fPIC -DPIC
configure:8606: checking if gcc PIC flag -fPIC -DPIC works
configure:8624: gcc -c   -fPIC -DPIC -DPIC conftest.c >&5
configure:8628: $? = 0
configure:8641: result: yes
configure:8665: checking if gcc static flag -static works
configure:8693: result: yes
configure:8708: checking if gcc supports -c -o file.o
configure:8729: gcc -c   -o out/conftest2.o conftest.c >&5
configure:8733: $? = 0
configure:8755: result: yes
configure:8763: checking if gcc supports -c -o file.o
configure:8810: result: yes
configure:8843: checking whether the gcc linker (/usr/bin/ld -m elf_x86_64) supports shared libraries
configure:9834: result: yes
configure:9871: checking whether -lc should be explicitly linked in
configure:9876: gcc -c   conftest.c >&5
configure:9879: $? = 0
configure:9894: gcc -shared conftest.o  -v -Wl,-soname -Wl,conftest -o conftest 2\>\&1 \| /usr/bin/grep  -lc  \>/dev/null 2\>\&1
configure:9897: $? = 0
configure:9909: result: no
configure:10073: checking dynamic linker characteristics
configure:10506: gcc -o conftest    -Wl,-rpath -Wl,/foo conftest.c  >&5
configure:10506: $? = 0
configure:10736: result: GNU/Linux ld.so
configure:10838: checking how to hardcode library paths into programs
configure:10863: result: immediate
configure:11383: checking whether stripping libraries is possible
configure:11388: result: yes
configure:11423: checking if libtool supports shared libraries
configure:11425: result: yes
configure:11428: checking whether to build shared libraries
configure:11449: result: yes
configure:11452: checking whether to build static libraries
configure:11456: result: yes
configure:11606: checking for ld used by mpic++
configure:11673: result: /usr/bin/ld -m elf_x86_64
configure:11680: checking if the linker (/usr/bin/ld -m elf_x86_64) is GNU ld
configure:11695: result: yes
configure:11750: checking whether the mpic++ linker (/usr/bin/ld -m elf_x86_64) supports shared libraries
configure:12663: result: yes
configure:12691: mpic++ -c   conftest.cpp >&5
configure:12694: $? = 0
configure:12876: checking for mpic++ option to produce PIC
configure:13193: result: -fPIC -DPIC
configure:13202: checking if mpic++ PIC flag -fPIC -DPIC works
configure:13220: mpic++ -c   -fPIC -DPIC -DPIC conftest.cpp >&5
configure:13224: $? = 0
configure:13237: result: yes
configure:13258: checking if mpic++ static flag -static works
configure:13286: result: no
configure:13298: checking if mpic++ supports -c -o file.o
configure:13319: mpic++ -c   -o out/conftest2.o conftest.cpp >&5
configure:13323: $? = 0
configure:13345: result: yes
configure:13350: checking if mpic++ supports -c -o file.o
configure:13397: result: yes
configure:13427: checking whether the mpic++ linker (/usr/bin/ld -m elf_x86_64) supports shared libraries
configure:13456: result: yes
configure:13593: checking dynamic linker characteristics
configure:13974: mpic++ -o conftest    -Wl,-rpath -Wl,/foo conftest.cpp  >&5
configure:13974: $? = 0
configure:14204: result: GNU/Linux ld.so
configure:14255: checking how to hardcode library paths into programs
configure:14280: result: immediate
configure:14338: checking for ANSI C header files
configure:14442: result: yes
configure:14456: checking for utime.h
configure:14456: gcc -c   conftest.c >&5
configure:14456: $? = 0
configure:14456: result: yes
configure:14470: checking whether utime accepts a null argument
configure:14499: gcc -o conftest    conftest.c  >&5
configure:14499: $? = 0
configure:14499: ./conftest
configure:14499: $? = 0
configure:14509: result: yes
configure:14733: checking for root-config
configure:14751: found /usr/bin/root-config
configure:14764: result: /usr/bin/root-config
configure:14774: checking for root
configure:14792: found /usr/bin/root
configure:14805: result: /usr/bin/root
configure:14815: checking for rootcint
configure:14833: found /usr/bin/rootcint
configure:14846: result: /usr/bin/rootcint
configure:14869: checking whether ROOT version >= 5.22
configure:14879: result: yes
configure:15160: creating ./config.status

## ---------------------- ##
## Running config.status. ##
## ---------------------- ##

This file was extended by config.status, which was
generated by GNU Autoconf 2.67.  Invocation command line was

  CONFIG_FILES    = 
  CONFIG_HEADERS  = 
  CONFIG_LINKS    = 
  CONFIG_COMMANDS = 
  $ ./config.status 

on homer

config.status:1172: creating Makefile
config.status:1172: creating src/Makefile
config.status:1172: creating models/base/Makefile
config.status:1172: creating models/mtf/Makefile
config.status:1172: creating examples/basic/binomial/Makefile
config.status:1172: creating examples/basic/combination1d/Makefile
config.status:1172: creating examples/basic/combination2d/Makefile
config.status:1172: creating examples/basic/errorpropagation/Makefile
config.status:1172: creating examples/basic/poisson/Makefile
config.status:1172: creating examples/basic/rootOutput/Makefile
config.status:1172: creating examples/advanced/polynomialfit/Makefile
config.status:1172: creating examples/advanced/roointerface/Makefile
config.status:1172: creating examples/advanced/templatefitter/0nubb/Makefile
config.status:1172: creating examples/advanced/templatefitter/Whel/Makefile
config.status:1172: creating examples/advanced/templatefitter/hypothesis/Makefile
config.status:1172: creating examples/advanced/mtf/systematics/Makefile
config.status:1172: creating examples/expert/TrialFunction/Makefile
config.status:1172: creating tools/CreateProject.sh
config.status:1172: creating config.h
config.status:1352: config.h is unchanged
config.status:1400: executing depfiles commands
config.status:1400: executing libtool commands
config.status:1400: executing default commands

## ---------------- ##
## Cache variables. ##
## ---------------- ##

ac_cv_build=x86_64-unknown-linux-gnu
ac_cv_c_compiler_gnu=yes
ac_cv_cxx_compiler_gnu=yes
ac_cv_env_CCC_set=
ac_cv_env_CCC_value=
ac_cv_env_CC_set=
ac_cv_env_CC_value=
ac_cv_env_CFLAGS_set=
ac_cv_env_CFLAGS_value=
ac_cv_env_CPPFLAGS_set=
ac_cv_env_CPPFLAGS_value=
ac_cv_env_CPP_set=
ac_cv_env_CPP_value=
ac_cv_env_CXXCPP_set=
ac_cv_env_CXXCPP_value=
ac_cv_env_CXXFLAGS_set=
ac_cv_env_CXXFLAGS_value=
ac_cv_env_CXX_set=set
ac_cv_env_CXX_value=mpic++
ac_cv_env_LDFLAGS_set=
ac_cv_env_LDFLAGS_value=
ac_cv_env_LIBS_set=
ac_cv_env_LIBS_value=
ac_cv_env_build_alias_set=
ac_cv_env_build_alias_value=
ac_cv_env_host_alias_set=
ac_cv_env_host_alias_value=
ac_cv_env_target_alias_set=
ac_cv_env_target_alias_value=
ac_cv_func_utime_null=yes
ac_cv_header_dlfcn_h=yes
ac_cv_header_inttypes_h=yes
ac_cv_header_memory_h=yes
ac_cv_header_stdc=yes
ac_cv_header_stdint_h=yes
ac_cv_header_stdlib_h=yes
ac_cv_header_string_h=yes
ac_cv_header_strings_h=yes
ac_cv_header_sys_stat_h=yes
ac_cv_header_sys_types_h=yes
ac_cv_header_unistd_h=yes
ac_cv_header_utime_h=yes
ac_cv_host=x86_64-unknown-linux-gnu
ac_cv_objext=o
ac_cv_path_EGREP='/usr/bin/grep -E'
ac_cv_path_FGREP='/usr/bin/grep -F'
ac_cv_path_GREP=/usr/bin/grep
ac_cv_path_ROOTCINT=/usr/bin/rootcint
ac_cv_path_ROOTCONF=/usr/bin/root-config
ac_cv_path_ROOTEXEC=/usr/bin/root
ac_cv_path_SED=/bin/sed
ac_cv_path_install='/usr/bin/install -c'
ac_cv_path_mkdir=/usr/bin/mkdir
ac_cv_prog_AWK=gawk
ac_cv_prog_CPP='gcc -E'
ac_cv_prog_CXXCPP='mpic++ -E'
ac_cv_prog_ac_ct_AR=ar
ac_cv_prog_ac_ct_CC=gcc
ac_cv_prog_ac_ct_OBJDUMP=objdump
ac_cv_prog_ac_ct_RANLIB=ranlib
ac_cv_prog_ac_ct_STRIP=strip
ac_cv_prog_cc_c89=
ac_cv_prog_cc_g=yes
ac_cv_prog_cxx_g=yes
ac_cv_prog_make_make_set=yes
am_cv_CC_dependencies_compiler_type=gcc3
am_cv_CXX_dependencies_compiler_type=gcc3
lt_cv_deplibs_check_method=pass_all
lt_cv_file_magic_cmd='$MAGIC_CMD'
lt_cv_file_magic_test_file=
lt_cv_ld_reload_flag=-r
lt_cv_nm_interface='BSD nm'
lt_cv_objdir=.libs
lt_cv_path_LD=/usr/bin/ld
lt_cv_path_LDCXX='/usr/bin/ld -m elf_x86_64'
lt_cv_path_NM='/usr/bin/nm -B'
lt_cv_prog_compiler_c_o=yes
lt_cv_prog_compiler_c_o_CXX=yes
lt_cv_prog_compiler_pic_works=yes
lt_cv_prog_compiler_pic_works_CXX=yes
lt_cv_prog_compiler_rtti_exceptions=no
lt_cv_prog_compiler_static_works=yes
lt_cv_prog_compiler_static_works_CXX=no
lt_cv_prog_gnu_ld=yes
lt_cv_prog_gnu_ldcxx=yes
lt_cv_sys_global_symbol_pipe='sed -n -e '\''s/^.*[	 ]\([ABCDGIRSTW][ABCDGIRSTW]*\)[	 ][	 ]*\([_A-Za-z][_A-Za-z0-9]*\)$/\1 \2 \2/p'\'''
lt_cv_sys_global_symbol_to_c_name_address='sed -n -e '\''s/^: \([^ ]*\) $/  {\"\1\", (void *) 0},/p'\'' -e '\''s/^[ABCDGIRSTW]* \([^ ]*\) \([^ ]*\)$/  {"\2", (void *) \&\2},/p'\'''
lt_cv_sys_global_symbol_to_c_name_address_lib_prefix='sed -n -e '\''s/^: \([^ ]*\) $/  {\"\1\", (void *) 0},/p'\'' -e '\''s/^[ABCDGIRSTW]* \([^ ]*\) \(lib[^ ]*\)$/  {"\2", (void *) \&\2},/p'\'' -e '\''s/^[ABCDGIRSTW]* \([^ ]*\) \([^ ]*\)$/  {"lib\2", (void *) \&\2},/p'\'''
lt_cv_sys_global_symbol_to_cdecl='sed -n -e '\''s/^T .* \(.*\)$/extern int \1();/p'\'' -e '\''s/^[ABCDGIRSTW]* .* \(.*\)$/extern char \1;/p'\'''
lt_cv_sys_max_cmd_len=1572864

## ----------------- ##
## Output variables. ##
## ----------------- ##

ACLOCAL='${SHELL} /data/silvest/NetBeansProjects/SusyFit/BAT-0.9.2/missing --run aclocal-1.11'
AMDEPBACKSLASH='\'
AMDEP_FALSE='#'
AMDEP_TRUE=''
AMTAR='${SHELL} /data/silvest/NetBeansProjects/SusyFit/BAT-0.9.2/missing --run tar'
AR='ar'
AUTOCONF='${SHELL} /data/silvest/NetBeansProjects/SusyFit/BAT-0.9.2/missing --run autoconf'
AUTOHEADER='${SHELL} /data/silvest/NetBeansProjects/SusyFit/BAT-0.9.2/missing --run autoheader'
AUTOMAKE='${SHELL} /data/silvest/NetBeansProjects/SusyFit/BAT-0.9.2/missing --run automake-1.11'
AWK='gawk'
CC='gcc'
CCDEPMODE='depmode=gcc3'
CFLAGS=''
CPP='gcc -E'
CPPFLAGS=''
CUBAINCLUDE=''
CUBALIB=''
CUBA_FALSE=''
CUBA_TRUE='#'
CXX='mpic++'
CXXCPP='mpic++ -E'
CXXDEPMODE='depmode=gcc3'
CXXFLAGS=''
CYGPATH_W='echo'
DEBUG_FALSE=''
DEBUG_TRUE='#'
DEFS='-DHAVE_CONFIG_H'
DEPDIR='.deps'
DSYMUTIL=''
DUMPBIN=''
ECHO_C=''
ECHO_N='-n'
ECHO_T=''
EGREP='/usr/bin/grep -E'
EXEEXT=''
FGREP='/usr/bin/grep -F'
GREP='/usr/bin/grep'
INSTALL_DATA='${INSTALL} -m 644'
INSTALL_PROGRAM='${INSTALL}'
INSTALL_SCRIPT='${INSTALL}'
INSTALL_STRIP_PROGRAM='$(install_sh) -c -s'
IS_DARWIN_FALSE=''
IS_DARWIN_TRUE='#'
LD='/usr/bin/ld -m elf_x86_64'
LDFLAGS=''
LIBOBJS=''
LIBS=''
LIBTOOL='$(SHELL) $(top_builddir)/libtool'
LIPO=''
LN_S='ln -s'
LTLIBOBJS=''
MAKEINFO='${SHELL} /data/silvest/NetBeansProjects/SusyFit/BAT-0.9.2/missing --run makeinfo'
MKDIR_P='/usr/bin/mkdir -p'
NM='/usr/bin/nm -B'
NMEDIT=''
OBJDUMP='objdump'
OBJEXT='o'
OTOOL64=''
OTOOL=''
PACKAGE='BAT'
PACKAGE_BUGREPORT=''
PACKAGE_NAME=''
PACKAGE_STRING=''
PACKAGE_TARNAME=''
PACKAGE_URL=''
PACKAGE_VERSION=''
PATH_SEPARATOR=':'
RANLIB='ranlib'
ROOSTATS_FALSE=''
ROOSTATS_TRUE='#'
ROOTAUXCFLAGS='-pthread -m64'
ROOTAUXLIBS='-pthread -lm -ldl -rdynamic'
ROOTCFLAGS='-I/usr/include/root'
ROOTCINT='/usr/bin/rootcint'
ROOTCONF='/usr/bin/root-config'
ROOTEXEC='/usr/bin/root'
ROOTGLIBS='-lGui -lCore -lCint -lRIO -lNet -lHist -lGraf -lGraf3d -lGpad -lTree -lRint -lPostscript -lMatrix -lPhysics -lMathCore -lThread'
ROOTINCDIR='/usr/include/root'
ROOTLIBDIR='/usr/lib/root'
ROOTLIBS='-lCore -lCint -lRIO -lNet -lHist -lGraf -lGraf3d -lGpad -lTree -lRint -lPostscript -lMatrix -lPhysics -lMathCore -lThread'
ROOTRPATH='/usr/lib/root'
SED='/bin/sed'
SET_MAKE=''
SHELL='/bin/sh'
STRIP='strip'
VERSION='0.9.2'
ac_ct_CC='gcc'
ac_ct_CXX=''
ac_ct_DUMPBIN=''
am__EXEEXT_FALSE=''
am__EXEEXT_TRUE='#'
am__fastdepCC_FALSE='#'
am__fastdepCC_TRUE=''
am__fastdepCXX_FALSE='#'
am__fastdepCXX_TRUE=''
am__include='include'
am__isrc=''
am__leading_dot='.'
am__quote=''
am__tar='${AMTAR} chof - "$$tardir"'
am__untar='${AMTAR} xf -'
bindir='${exec_prefix}/bin'
build='x86_64-unknown-linux-gnu'
build_alias=''
build_cpu='x86_64'
build_os='linux-gnu'
build_vendor='unknown'
datadir='${datarootdir}'
datarootdir='${prefix}/share'
docdir='${datarootdir}/doc/${PACKAGE}'
dvidir='${docdir}'
exec_prefix='${prefix}'
host='x86_64-unknown-linux-gnu'
host_alias=''
host_cpu='x86_64'
host_os='linux-gnu'
host_vendor='unknown'
htmldir='${docdir}'
includedir='${prefix}/include'
infodir='${datarootdir}/info'
install_sh='${SHELL} /data/silvest/NetBeansProjects/SusyFit/BAT-0.9.2/install-sh'
libdir='${exec_prefix}/lib'
libexecdir='${exec_prefix}/libexec'
localedir='${datarootdir}/locale'
localstatedir='${prefix}/var'
lt_ECHO='echo'
mandir='${datarootdir}/man'
mkdir_p='/usr/bin/mkdir -p'
oldincludedir='/usr/include'
pdfdir='${docdir}'
prefix='/data/silvest/NetBeansProjects/SusyFit/BAT_parallel'
program_transform_name='s,x,x,'
psdir='${docdir}'
sbindir='${exec_prefix}/sbin'
sharedstatedir='${prefix}/com'
sysconfdir='${prefix}/etc'
target_alias=''

## ----------- ##
## confdefs.h. ##
## ----------- ##

/* confdefs.h */
#define PACKAGE_NAME ""
#define PACKAGE_TARNAME ""
#define PACKAGE_VERSION ""
#define PACKAGE_STRING ""
#define PACKAGE_BUGREPORT ""
#define PACKAGE_URL ""
#define PACKAGE "BAT"
#define VERSION "0.9.2"
#define STDC_HEADERS 1
#define HAVE_SYS_TYPES_H 1
#define HAVE_SYS_STAT_H 1
#define HAVE_STDLIB_H 1
#define HAVE_STRING_H 1
#define HAVE_MEMORY_H 1
#define HAVE_STRINGS_H 1
#define HAVE_INTTYPES_H 1
#define HAVE_STDINT_H 1
#define HAVE_UNISTD_H 1
#define HAVE_DLFCN_H 1
#define LT_OBJDIR ".libs/"
#define STDC_HEADERS 1
#define HAVE_UTIME_H 1
#define HAVE_UTIME_NULL 1

configure: exit 0
